============================================================
  Generated by:           Genus(TM) Synthesis Solution 20.11-s111_1
  Generated on:           Jun 25 2026  11:59:15 am
  Module:                 mac_array
  Operating conditions:   typical 
  Interconnect mode:      global
  Area mode:              physical library
============================================================


Path 1: MET (5559 ps) Setup Check with Pin acc2_reg[23]/CK->SI
          Group: clk
     Startpoint: (F) b2[1]
          Clock: (R) clk
       Endpoint: (R) acc2_reg[23]/SI
          Clock: (R) clk

                     Capture       Launch     
        Clock Edge:+   10000            0     
        Drv Adjust:+       0            0     
       Src Latency:+       0            0     
       Net Latency:+       0 (I)        0 (I) 
           Arrival:=   10000            0     
                                              
             Setup:-      87                  
     Required Time:=    9913                  
      Launch Clock:-       0                  
       Input Delay:-    1000                  
         Data Path:-    3354                  
             Slack:=    5559                  

Exceptions/Constraints:
  input_delay             1000            in_del_56_1 

#---------------------------------------------------------------------------------------------------------------
#             Timing Point              Flags    Arc   Edge   Cell     Fanout Load Trans Delay Arrival Instance 
#                                                                             (fF)  (ps)  (ps)   (ps)  Location 
#---------------------------------------------------------------------------------------------------------------
  b2[1]                                 -       -      F     (arrival)      9 26.7     0     0    1000    (-,-) 
  csa_tree_ADD_TC_OP_groupi119_g2247/Y  -       A->Y   R     XNOR2X1       10 28.8   252   191    1191    (-,-) 
  csa_tree_ADD_TC_OP_groupi119_g2147/Y  -       B->Y   F     NAND2BX1       8 24.0   389   266    1457    (-,-) 
  csa_tree_ADD_TC_OP_groupi119_g2115/Y  -       A1->Y  R     OAI22X1        1  6.4   195   184    1642    (-,-) 
  csa_tree_ADD_TC_OP_groupi119_g2086/S  -       B->S   F     ADDFX1         1  6.4    74   206    1848    (-,-) 
  csa_tree_ADD_TC_OP_groupi119_g2072/CO -       B->CO  F     ADDFX1         1  5.9    73   126    1974    (-,-) 
  csa_tree_ADD_TC_OP_groupi119_g2069/CO -       CI->CO F     ADDFX1         1  5.9    73   121    2095    (-,-) 
  csa_tree_ADD_TC_OP_groupi119_g2068/CO -       CI->CO F     ADDFX1         1  5.9    73   121    2215    (-,-) 
  csa_tree_ADD_TC_OP_groupi119_g2067/CO -       CI->CO F     ADDFX1         1  5.9    73   121    2336    (-,-) 
  csa_tree_ADD_TC_OP_groupi119_g2066/CO -       CI->CO F     ADDFX1         1  5.9    73   121    2457    (-,-) 
  csa_tree_ADD_TC_OP_groupi119_g2065/CO -       CI->CO F     ADDFX1         1  5.9    73   121    2577    (-,-) 
  csa_tree_ADD_TC_OP_groupi119_g2064/CO -       CI->CO F     ADDFX1         1  5.9    73   121    2698    (-,-) 
  csa_tree_ADD_TC_OP_groupi119_g2063/CO -       CI->CO F     ADDFX1         1  5.9    73   121    2819    (-,-) 
  csa_tree_ADD_TC_OP_groupi119_g2062/CO -       CI->CO F     ADDFX1         1  5.9    73   121    2940    (-,-) 
  csa_tree_ADD_TC_OP_groupi119_g2061/CO -       CI->CO F     ADDFX1         1  5.9    73   121    3060    (-,-) 
  csa_tree_ADD_TC_OP_groupi119_g2060/CO -       CI->CO F     ADDFX1         1  5.9    73   121    3181    (-,-) 
  csa_tree_ADD_TC_OP_groupi119_g2059/CO -       CI->CO F     ADDFX1         1  5.9    73   121    3302    (-,-) 
  csa_tree_ADD_TC_OP_groupi119_g2058/CO -       CI->CO F     ADDFX1         1  5.9    73   121    3422    (-,-) 
  csa_tree_ADD_TC_OP_groupi119_g2057/CO -       CI->CO F     ADDFX1         1  5.9    73   121    3543    (-,-) 
  csa_tree_ADD_TC_OP_groupi119_g2056/CO -       CI->CO F     ADDFX1         1  5.9    73   121    3664    (-,-) 
  csa_tree_ADD_TC_OP_groupi119_g2055/CO -       CI->CO F     ADDFX1         1  5.9    73   121    3784    (-,-) 
  csa_tree_ADD_TC_OP_groupi119_g2054/CO -       CI->CO F     ADDFX1         1  5.9    73   121    3905    (-,-) 
  csa_tree_ADD_TC_OP_groupi119_g2053/CO -       CI->CO F     ADDFX1         1  5.9    73   121    4026    (-,-) 
  csa_tree_ADD_TC_OP_groupi119_g2052/CO -       CI->CO F     ADDFX1         1  5.9    73   121    4146    (-,-) 
  csa_tree_ADD_TC_OP_groupi119_g2051/CO -       CI->CO F     ADDFX1         1  5.2    68   118    4264    (-,-) 
  csa_tree_ADD_TC_OP_groupi119_g2050/Y  -       B->Y   R     CLKXOR2X1      1  4.8    55    89    4353    (-,-) 
  acc2_reg[23]/SI                       <<<     -      R     SDFFRHQX1      1    -     -     0    4354    (-,-) 
#---------------------------------------------------------------------------------------------------------------
